<?xml version="1.0" encoding="UTF-8"?>
<coverage generated="1732168823541" clover="3.2.0">
  <project timestamp="1732168823541" name="All files">
    <metrics statements="30" coveredstatements="25" conditionals="4" coveredconditionals="3" methods="6" coveredmethods="2" elements="40" coveredelements="30" complexity="0" loc="30" ncloc="30" packages="2" files="3" classes="3"/>
    <package name="api">
      <metrics statements="18" coveredstatements="16" conditionals="4" coveredconditionals="3" methods="2" coveredmethods="1"/>
      <file name="index.js" path="/Users/som_ramnani/Projects/api-proxy-server/api/index.js">
        <metrics statements="18" coveredstatements="16" conditionals="4" coveredconditionals="3" methods="2" coveredmethods="1"/>
        <line num="1" count="2" type="stmt"/>
        <line num="3" count="2" type="stmt"/>
        <line num="4" count="2" type="stmt"/>
        <line num="5" count="2" type="stmt"/>
        <line num="6" count="2" type="stmt"/>
        <line num="7" count="2" type="stmt"/>
        <line num="9" count="2" type="stmt"/>
        <line num="11" count="2" type="stmt"/>
        <line num="17" count="2" type="stmt"/>
        <line num="19" count="2" type="stmt"/>
        <line num="20" count="2" type="stmt"/>
        <line num="22" count="2" type="stmt"/>
        <line num="23" count="1" type="stmt"/>
        <line num="30" count="2" type="cond" truecount="2" falsecount="0"/>
        <line num="32" count="2" type="cond" truecount="1" falsecount="1"/>
        <line num="33" count="0" type="stmt"/>
        <line num="34" count="0" type="stmt"/>
        <line num="38" count="2" type="stmt"/>
      </file>
    </package>
    <package name="api.routes">
      <metrics statements="12" coveredstatements="9" conditionals="0" coveredconditionals="0" methods="4" coveredmethods="1"/>
      <file name="hello.js" path="/Users/som_ramnani/Projects/api-proxy-server/api/routes/hello.js">
        <metrics statements="4" coveredstatements="4" conditionals="0" coveredconditionals="0" methods="1" coveredmethods="1"/>
        <line num="1" count="2" type="stmt"/>
        <line num="2" count="2" type="stmt"/>
        <line num="4" count="2" type="stmt"/>
        <line num="6" count="2" type="stmt"/>
      </file>
      <file name="superHeroAPI.js" path="/Users/som_ramnani/Projects/api-proxy-server/api/routes/superHeroAPI.js">
        <metrics statements="8" coveredstatements="5" conditionals="0" coveredconditionals="0" methods="3" coveredmethods="0"/>
        <line num="1" count="2" type="stmt"/>
        <line num="2" count="2" type="stmt"/>
        <line num="3" count="2" type="stmt"/>
        <line num="5" count="2" type="stmt"/>
        <line num="6" count="0" type="stmt"/>
        <line num="11" count="0" type="stmt"/>
        <line num="14" count="0" type="stmt"/>
        <line num="18" count="2" type="stmt"/>
      </file>
    </package>
  </project>
</coverage>
