{"/Users/som_ramnani/Projects/api-proxy-server/api/index.js": {"path":"/Users/som_ramnani/Projects/api-proxy-server/api/index.js","statementMap":{"0":{"start":{"line":1,"column":0},"end":{"line":1,"column":27}},"1":{"start":{"line":3,"column":16},"end":{"line":3,"column":34}},"2":{"start":{"line":4,"column":13},"end":{"line":4,"column":28}},"3":{"start":{"line":5,"column":14},"end":{"line":5,"column":30}},"4":{"start":{"line":6,"column":26},"end":{"line":6,"column":58}},"5":{"start":{"line":7,"column":24},"end":{"line":7,"column":49}},"6":{"start":{"line":9,"column":12},"end":{"line":9,"column":21}},"7":{"start":{"line":11,"column":20},"end":{"line":15,"column":1}},"8":{"start":{"line":17,"column":0},"end":{"line":17,"column":27}},"9":{"start":{"line":19,"column":0},"end":{"line":19,"column":46}},"10":{"start":{"line":20,"column":0},"end":{"line":20,"column":35}},"11":{"start":{"line":22,"column":0},"end":{"line":28,"column":3}},"12":{"start":{"line":23,"column":2},"end":{"line":27,"column":5}},"13":{"start":{"line":30,"column":15},"end":{"line":32,"column":1}},"14":{"start":{"line":31,"column":2},"end":{"line":31,"column":43}},"15":{"start":{"line":34,"column":0},"end":{"line":34,"column":33}}},"fnMap":{"0":{"name":"(anonymous_0)","decl":{"start":{"line":22,"column":13},"end":{"line":22,"column":14}},"loc":{"start":{"line":22,"column":27},"end":{"line":28,"column":1}},"line":22},"1":{"name":"(anonymous_1)","decl":{"start":{"line":30,"column":32},"end":{"line":30,"column":33}},"loc":{"start":{"line":31,"column":2},"end":{"line":31,"column":43}},"line":31}},"branchMap":{},"s":{"0":2,"1":2,"2":2,"3":2,"4":2,"5":2,"6":2,"7":2,"8":2,"9":2,"10":2,"11":2,"12":1,"13":2,"14":2,"15":2},"f":{"0":1,"1":2},"b":{},"_coverageSchema":"1a1c01bbd47fc00a2c39e90264f33305004495a9","hash":"d51f914c3fa95d84e4857d3eec151560f9ec8b4c"}
,"/Users/som_ramnani/Projects/api-proxy-server/api/routes/hello.js": {"path":"/Users/som_ramnani/Projects/api-proxy-server/api/routes/hello.js","statementMap":{"0":{"start":{"line":1,"column":16},"end":{"line":1,"column":34}},"1":{"start":{"line":2,"column":15},"end":{"line":2,"column":31}},"2":{"start":{"line":4,"column":0},"end":{"line":4,"column":62}},"3":{"start":{"line":4,"column":30},"end":{"line":4,"column":60}},"4":{"start":{"line":6,"column":0},"end":{"line":6,"column":24}}},"fnMap":{"0":{"name":"(anonymous_0)","decl":{"start":{"line":4,"column":16},"end":{"line":4,"column":17}},"loc":{"start":{"line":4,"column":30},"end":{"line":4,"column":60}},"line":4}},"branchMap":{},"s":{"0":2,"1":2,"2":2,"3":1,"4":2},"f":{"0":1},"b":{},"_coverageSchema":"1a1c01bbd47fc00a2c39e90264f33305004495a9","hash":"eebe1ea5ad45c88429d33abb13b0c376403ca861"}
,"/Users/som_ramnani/Projects/api-proxy-server/api/routes/superHeroAPI.js": {"path":"/Users/som_ramnani/Projects/api-proxy-server/api/routes/superHeroAPI.js","statementMap":{"0":{"start":{"line":1,"column":16},"end":{"line":1,"column":34}},"1":{"start":{"line":2,"column":14},"end":{"line":2,"column":30}},"2":{"start":{"line":3,"column":15},"end":{"line":3,"column":31}},"3":{"start":{"line":5,"column":0},"end":{"line":16,"column":3}},"4":{"start":{"line":6,"column":2},"end":{"line":15,"column":7}},"5":{"start":{"line":11,"column":6},"end":{"line":11,"column":37}},"6":{"start":{"line":14,"column":6},"end":{"line":14,"column":32}},"7":{"start":{"line":18,"column":0},"end":{"line":18,"column":24}}},"fnMap":{"0":{"name":"(anonymous_0)","decl":{"start":{"line":5,"column":21},"end":{"line":5,"column":22}},"loc":{"start":{"line":5,"column":41},"end":{"line":16,"column":1}},"line":5},"1":{"name":"(anonymous_1)","decl":{"start":{"line":10,"column":10},"end":{"line":10,"column":11}},"loc":{"start":{"line":10,"column":30},"end":{"line":12,"column":5}},"line":10},"2":{"name":"(anonymous_2)","decl":{"start":{"line":13,"column":11},"end":{"line":13,"column":12}},"loc":{"start":{"line":13,"column":20},"end":{"line":15,"column":5}},"line":13}},"branchMap":{},"s":{"0":2,"1":2,"2":2,"3":2,"4":0,"5":0,"6":0,"7":2},"f":{"0":0,"1":0,"2":0},"b":{},"_coverageSchema":"1a1c01bbd47fc00a2c39e90264f33305004495a9","hash":"b8fb18229cabf2caa93bebb7d66e8033fd7bec99"}
}
