TN:
SF:api/index.js
FN:21,(anonymous_0)
FN:32,(anonymous_1)
FNF:2
FNH:1
FNDA:1,(anonymous_0)
FNDA:0,(anonymous_1)
DA:1,3
DA:3,3
DA:4,3
DA:5,3
DA:6,3
DA:8,3
DA:10,3
DA:16,3
DA:18,3
DA:19,3
DA:21,3
DA:22,1
DA:29,3
DA:31,3
DA:32,0
DA:33,0
DA:37,3
LF:17
LH:15
BRDA:29,0,0,3
BRDA:29,0,1,3
BRDA:31,1,0,0
BRDA:31,1,1,3
BRF:4
BRH:3
end_of_record
TN:
SF:api/routes/hello.js
FN:4,(anonymous_0)
FNF:1
FNH:1
FNDA:1,(anonymous_0)
DA:1,3
DA:2,3
DA:4,3
DA:6,3
LF:4
LH:4
BRF:0
BRH:0
end_of_record
TN:
SF:api/routes/superHeroAPI.js
FN:5,(anonymous_0)
FN:10,(anonymous_1)
FN:13,(anonymous_2)
FNF:3
FNH:2
FNDA:1,(anonymous_0)
FNDA:1,(anonymous_1)
FNDA:0,(anonymous_2)
DA:1,3
DA:2,3
DA:3,3
DA:5,3
DA:6,1
DA:11,1
DA:14,0
DA:18,3
LF:8
LH:7
BRF:0
BRH:0
end_of_record
